Performing C SOURCE FILE Test CMAKE_HAVE_LIBC_PTHREAD failed with the following output:
Change Dir: /home/jinjing/Projects/SLAM/slam_jinjing/ch7_vo/build/CMakeFiles/CMakeTmp

Run Build Command(s):/usr/bin/make cmTC_ed88b/fast && /usr/bin/make -f CMakeFiles/cmTC_ed88b.dir/build.make CMakeFiles/cmTC_ed88b.dir/build
make[1]: Entering directory '/home/jinjing/Projects/SLAM/slam_jinjing/ch7_vo/build/CMakeFiles/CMakeTmp'
Building C object CMakeFiles/cmTC_ed88b.dir/src.c.o
/usr/bin/cc   -DCMAKE_HAVE_LIBC_PTHREAD   -o CMakeFiles/cmTC_ed88b.dir/src.c.o   -c /home/jinjing/Projects/SLAM/slam_jinjing/ch7_vo/build/CMakeFiles/CMakeTmp/src.c
Linking C executable cmTC_ed88b
/usr/bin/cmake -E cmake_link_script CMakeFiles/cmTC_ed88b.dir/link.txt --verbose=1
/usr/bin/cc  -DCMAKE_HAVE_LIBC_PTHREAD    -rdynamic CMakeFiles/cmTC_ed88b.dir/src.c.o  -o cmTC_ed88b 
/usr/bin/ld: CMakeFiles/cmTC_ed88b.dir/src.c.o: in function `main':
src.c:(.text+0x46): undefined reference to `pthread_create'
/usr/bin/ld: src.c:(.text+0x52): undefined reference to `pthread_detach'
/usr/bin/ld: src.c:(.text+0x63): undefined reference to `pthread_join'
collect2: error: ld returned 1 exit status
make[1]: *** [CMakeFiles/cmTC_ed88b.dir/build.make:87: cmTC_ed88b] Error 1
make[1]: Leaving directory '/home/jinjing/Projects/SLAM/slam_jinjing/ch7_vo/build/CMakeFiles/CMakeTmp'
make: *** [Makefile:121: cmTC_ed88b/fast] Error 2


Source file was:
#include <pthread.h>

void* test_func(void* data)
{
  return data;
}

int main(void)
{
  pthread_t thread;
  pthread_create(&thread, NULL, test_func, NULL);
  pthread_detach(thread);
  pthread_join(thread, NULL);
  pthread_atfork(NULL, NULL, NULL);
  pthread_exit(NULL);

  return 0;
}

Performing C SOURCE FILE Test CMAKE_HAVE_LIBC_PTHREAD failed with the following output:
Change Dir: /home/jinjing/Projects/SLAM/slam_jinjing/ch7_vo/build/CMakeFiles/CMakeTmp

Run Build Command(s):/usr/bin/make cmTC_3ff20/fast && make[1]: Entering directory '/home/jinjing/Projects/SLAM/slam_jinjing/ch7_vo/build/CMakeFiles/CMakeTmp'
/usr/bin/make -f CMakeFiles/cmTC_3ff20.dir/build.make CMakeFiles/cmTC_3ff20.dir/build
make[2]: Entering directory '/home/jinjing/Projects/SLAM/slam_jinjing/ch7_vo/build/CMakeFiles/CMakeTmp'
Building C object CMakeFiles/cmTC_3ff20.dir/src.c.o
/usr/bin/cc   -DCMAKE_HAVE_LIBC_PTHREAD   -o CMakeFiles/cmTC_3ff20.dir/src.c.o   -c /home/jinjing/Projects/SLAM/slam_jinjing/ch7_vo/build/CMakeFiles/CMakeTmp/src.c
Linking C executable cmTC_3ff20
/usr/bin/cmake -E cmake_link_script CMakeFiles/cmTC_3ff20.dir/link.txt --verbose=1
/usr/bin/cc  -DCMAKE_HAVE_LIBC_PTHREAD    -rdynamic CMakeFiles/cmTC_3ff20.dir/src.c.o  -o cmTC_3ff20 
/usr/bin/ld: CMakeFiles/cmTC_3ff20.dir/src.c.o: in function `main':
src.c:(.text+0x46): undefined reference to `pthread_create'
/usr/bin/ld: src.c:(.text+0x52): undefined reference to `pthread_detach'
/usr/bin/ld: src.c:(.text+0x63): undefined reference to `pthread_join'
collect2: error: ld returned 1 exit status
make[2]: *** [CMakeFiles/cmTC_3ff20.dir/build.make:87: cmTC_3ff20] Error 1
make[2]: Leaving directory '/home/jinjing/Projects/SLAM/slam_jinjing/ch7_vo/build/CMakeFiles/CMakeTmp'
make[1]: *** [Makefile:121: cmTC_3ff20/fast] Error 2
make[1]: Leaving directory '/home/jinjing/Projects/SLAM/slam_jinjing/ch7_vo/build/CMakeFiles/CMakeTmp'


Source file was:
#include <pthread.h>

void* test_func(void* data)
{
  return data;
}

int main(void)
{
  pthread_t thread;
  pthread_create(&thread, NULL, test_func, NULL);
  pthread_detach(thread);
  pthread_join(thread, NULL);
  pthread_atfork(NULL, NULL, NULL);
  pthread_exit(NULL);

  return 0;
}

Determining if the function pthread_create exists in the pthreads failed with the following output:
Change Dir: /home/jinjing/Projects/SLAM/slam_jinjing/ch7_vo/build/CMakeFiles/CMakeTmp

Run Build Command(s):/usr/bin/make cmTC_6cf5b/fast && make: *** No rule to make target 'cmTC_6cf5b/fast'. Stop.



Determining if the function pthread_create exists in the pthreads failed with the following output:
Change Dir: /home/jinjing/Projects/SLAM/slam_jinjing/ch7_vo/build/CMakeFiles/CMakeTmp

Run Build Command(s):/usr/bin/make cmTC_123aa/fast && make[1]: Entering directory '/home/jinjing/Projects/SLAM/slam_jinjing/ch7_vo/build/CMakeFiles/CMakeTmp'
make[1]: *** No rule to make target 'cmTC_123aa/fast'.  Stop.
make[1]: Leaving directory '/home/jinjing/Projects/SLAM/slam_jinjing/ch7_vo/build/CMakeFiles/CMakeTmp'



